  Component.cpp
  GLM: rotate function taking degrees as a parameter is deprecated. #define GLM_FORCE_RADIANS before including GLM headers to remove this message.
  GLM: roll function returning degrees is deprecated. #define GLM_FORCE_RADIANS before including GLM headers to remove this message.
  GLM: pitch function returning degrees is deprecated. #define GLM_FORCE_RADIANS before including GLM headers to remove this message.
  GLM: yaw function returning degrees is deprecated. #define GLM_FORCE_RADIANS before including GLM headers to remove this message.
  GLM: angle function returning degrees is deprecated. #define GLM_FORCE_RADIANS before including GLM headers to remove this message.
  GLM: angleAxis function taking degrees as a parameter is deprecated. #define GLM_FORCE_RADIANS before including GLM headers to remove this message.
  GLM: rotate function taking degrees as a parameter is deprecated. #define GLM_FORCE_RADIANS before including GLM headers to remove this message.
  GLM: rotate_slow function taking degrees as a parameter is deprecated. #define GLM_FORCE_RADIANS before including GLM headers to remove this message.
  GLM: perspective function taking degrees as a parameter is deprecated. #define GLM_FORCE_RADIANS before including GLM headers to remove this message.
  GLM: perspectiveFov function taking degrees as a parameter is deprecated. #define GLM_FORCE_RADIANS before including GLM headers to remove this message.
  GLM: infinitePerspective function taking degrees as a parameter is deprecated. #define GLM_FORCE_RADIANS before including GLM headers to remove this message.
  GLM: tweakedInfinitePerspective function taking degrees as a parameter is deprecated. #define GLM_FORCE_RADIANS before including GLM headers to remove this message.
  GLM: polar function returning degrees is deprecated. #define GLM_FORCE_RADIANS before including GLM headers to remove this message.
  GLM: euclidean function taking degrees as parameters is deprecated. #define GLM_FORCE_RADIANS before including GLM headers to remove this message.
  GLM: rotate function taking degrees as parameters is deprecated. #define GLM_FORCE_RADIANS before including GLM headers to remove this message.
  GLM: rotateX function taking degrees as parameters is deprecated. #define GLM_FORCE_RADIANS before including GLM headers to remove this message.
  GLM: rotateY function taking degrees as parameters is deprecated. #define GLM_FORCE_RADIANS before including GLM headers to remove this message.
  GLM: rotateZ function taking degrees as parameters is deprecated. #define GLM_FORCE_RADIANS before including GLM headers to remove this message.
  GLM: rotateX function taking degrees as parameters is deprecated. #define GLM_FORCE_RADIANS before including GLM headers to remove this message.
  GLM: rotateX function taking degrees as parameters is deprecated. #define GLM_FORCE_RADIANS before including GLM headers to remove this message.
  GLM: rotateZ function taking degrees as parameters is deprecated. #define GLM_FORCE_RADIANS before including GLM headers to remove this message.
  GLM: rotateZ function taking degrees as parameters is deprecated. #define GLM_FORCE_RADIANS before including GLM headers to remove this message.
  GLM: angle function returning degrees is deprecated. #define GLM_FORCE_RADIANS before including GLM headers to remove this message.
  GLM: angle function returning degrees is deprecated. #define GLM_FORCE_RADIANS before including GLM headers to remove this message.
  GLM: orientedAngle function returning degrees is deprecated. #define GLM_FORCE_RADIANS before including GLM headers to remove this message.
  GLM: orientedAngle function returning degrees is deprecated. #define GLM_FORCE_RADIANS before including GLM headers to remove this message.
  Cubemap.cpp
  DebugDrawing.cpp
  GLM: rotate function taking degrees as a parameter is deprecated. #define GLM_FORCE_RADIANS before including GLM headers to remove this message.
  GLM: roll function returning degrees is deprecated. #define GLM_FORCE_RADIANS before including GLM headers to remove this message.
  GLM: pitch function returning degrees is deprecated. #define GLM_FORCE_RADIANS before including GLM headers to remove this message.
  GLM: yaw function returning degrees is deprecated. #define GLM_FORCE_RADIANS before including GLM headers to remove this message.
  GLM: angle function returning degrees is deprecated. #define GLM_FORCE_RADIANS before including GLM headers to remove this message.
  GLM: angleAxis function taking degrees as a parameter is deprecated. #define GLM_FORCE_RADIANS before including GLM headers to remove this message.
  GLM: rotate function taking degrees as a parameter is deprecated. #define GLM_FORCE_RADIANS before including GLM headers to remove this message.
  GLM: rotate_slow function taking degrees as a parameter is deprecated. #define GLM_FORCE_RADIANS before including GLM headers to remove this message.
  GLM: perspective function taking degrees as a parameter is deprecated. #define GLM_FORCE_RADIANS before including GLM headers to remove this message.
  GLM: perspectiveFov function taking degrees as a parameter is deprecated. #define GLM_FORCE_RADIANS before including GLM headers to remove this message.
  GLM: infinitePerspective function taking degrees as a parameter is deprecated. #define GLM_FORCE_RADIANS before including GLM headers to remove this message.
  GLM: tweakedInfinitePerspective function taking degrees as a parameter is deprecated. #define GLM_FORCE_RADIANS before including GLM headers to remove this message.
  GLM: polar function returning degrees is deprecated. #define GLM_FORCE_RADIANS before including GLM headers to remove this message.
  GLM: euclidean function taking degrees as parameters is deprecated. #define GLM_FORCE_RADIANS before including GLM headers to remove this message.
  GLM: rotate function taking degrees as parameters is deprecated. #define GLM_FORCE_RADIANS before including GLM headers to remove this message.
  GLM: rotateX function taking degrees as parameters is deprecated. #define GLM_FORCE_RADIANS before including GLM headers to remove this message.
  GLM: rotateY function taking degrees as parameters is deprecated. #define GLM_FORCE_RADIANS before including GLM headers to remove this message.
  GLM: rotateZ function taking degrees as parameters is deprecated. #define GLM_FORCE_RADIANS before including GLM headers to remove this message.
  GLM: rotateX function taking degrees as parameters is deprecated. #define GLM_FORCE_RADIANS before including GLM headers to remove this message.
  GLM: rotateX function taking degrees as parameters is deprecated. #define GLM_FORCE_RADIANS before including GLM headers to remove this message.
  GLM: rotateZ function taking degrees as parameters is deprecated. #define GLM_FORCE_RADIANS before including GLM headers to remove this message.
  GLM: rotateZ function taking degrees as parameters is deprecated. #define GLM_FORCE_RADIANS before including GLM headers to remove this message.
  GLM: angle function returning degrees is deprecated. #define GLM_FORCE_RADIANS before including GLM headers to remove this message.
  GLM: angle function returning degrees is deprecated. #define GLM_FORCE_RADIANS before including GLM headers to remove this message.
  GLM: orientedAngle function returning degrees is deprecated. #define GLM_FORCE_RADIANS before including GLM headers to remove this message.
  GLM: orientedAngle function returning degrees is deprecated. #define GLM_FORCE_RADIANS before including GLM headers to remove this message.
  GLM: rotate function taking degrees as a parameter is deprecated. #define GLM_FORCE_RADIANS before including GLM headers to remove this message.
  Engine.cpp
  GLM: rotate function taking degrees as a parameter is deprecated. #define GLM_FORCE_RADIANS before including GLM headers to remove this message.
  GLM: roll function returning degrees is deprecated. #define GLM_FORCE_RADIANS before including GLM headers to remove this message.
  GLM: pitch function returning degrees is deprecated. #define GLM_FORCE_RADIANS before including GLM headers to remove this message.
  GLM: yaw function returning degrees is deprecated. #define GLM_FORCE_RADIANS before including GLM headers to remove this message.
  GLM: angle function returning degrees is deprecated. #define GLM_FORCE_RADIANS before including GLM headers to remove this message.
  GLM: angleAxis function taking degrees as a parameter is deprecated. #define GLM_FORCE_RADIANS before including GLM headers to remove this message.
  GLM: rotate function taking degrees as a parameter is deprecated. #define GLM_FORCE_RADIANS before including GLM headers to remove this message.
  GLM: rotate_slow function taking degrees as a parameter is deprecated. #define GLM_FORCE_RADIANS before including GLM headers to remove this message.
  GLM: perspective function taking degrees as a parameter is deprecated. #define GLM_FORCE_RADIANS before including GLM headers to remove this message.
  GLM: perspectiveFov function taking degrees as a parameter is deprecated. #define GLM_FORCE_RADIANS before including GLM headers to remove this message.
  GLM: infinitePerspective function taking degrees as a parameter is deprecated. #define GLM_FORCE_RADIANS before including GLM headers to remove this message.
  GLM: tweakedInfinitePerspective function taking degrees as a parameter is deprecated. #define GLM_FORCE_RADIANS before including GLM headers to remove this message.
  GLM: polar function returning degrees is deprecated. #define GLM_FORCE_RADIANS before including GLM headers to remove this message.
  GLM: euclidean function taking degrees as parameters is deprecated. #define GLM_FORCE_RADIANS before including GLM headers to remove this message.
  GLM: rotate function taking degrees as parameters is deprecated. #define GLM_FORCE_RADIANS before including GLM headers to remove this message.
  GLM: rotateX function taking degrees as parameters is deprecated. #define GLM_FORCE_RADIANS before including GLM headers to remove this message.
  GLM: rotateY function taking degrees as parameters is deprecated. #define GLM_FORCE_RADIANS before including GLM headers to remove this message.
  GLM: rotateZ function taking degrees as parameters is deprecated. #define GLM_FORCE_RADIANS before including GLM headers to remove this message.
  GLM: rotateX function taking degrees as parameters is deprecated. #define GLM_FORCE_RADIANS before including GLM headers to remove this message.
  GLM: rotateX function taking degrees as parameters is deprecated. #define GLM_FORCE_RADIANS before including GLM headers to remove this message.
  GLM: rotateZ function taking degrees as parameters is deprecated. #define GLM_FORCE_RADIANS before including GLM headers to remove this message.
  GLM: rotateZ function taking degrees as parameters is deprecated. #define GLM_FORCE_RADIANS before including GLM headers to remove this message.
  GLM: angle function returning degrees is deprecated. #define GLM_FORCE_RADIANS before including GLM headers to remove this message.
  GLM: angle function returning degrees is deprecated. #define GLM_FORCE_RADIANS before including GLM headers to remove this message.
  GLM: orientedAngle function returning degrees is deprecated. #define GLM_FORCE_RADIANS before including GLM headers to remove this message.
  GLM: orientedAngle function returning degrees is deprecated. #define GLM_FORCE_RADIANS before including GLM headers to remove this message.
  Entity.cpp
  GLM: rotate function taking degrees as a parameter is deprecated. #define GLM_FORCE_RADIANS before including GLM headers to remove this message.
  GLM: roll function returning degrees is deprecated. #define GLM_FORCE_RADIANS before including GLM headers to remove this message.
  GLM: pitch function returning degrees is deprecated. #define GLM_FORCE_RADIANS before including GLM headers to remove this message.
  GLM: yaw function returning degrees is deprecated. #define GLM_FORCE_RADIANS before including GLM headers to remove this message.
  GLM: angle function returning degrees is deprecated. #define GLM_FORCE_RADIANS before including GLM headers to remove this message.
  GLM: angleAxis function taking degrees as a parameter is deprecated. #define GLM_FORCE_RADIANS before including GLM headers to remove this message.
  GLM: rotate function taking degrees as a parameter is deprecated. #define GLM_FORCE_RADIANS before including GLM headers to remove this message.
  GLM: rotate_slow function taking degrees as a parameter is deprecated. #define GLM_FORCE_RADIANS before including GLM headers to remove this message.
  GLM: perspective function taking degrees as a parameter is deprecated. #define GLM_FORCE_RADIANS before including GLM headers to remove this message.
  GLM: perspectiveFov function taking degrees as a parameter is deprecated. #define GLM_FORCE_RADIANS before including GLM headers to remove this message.
  GLM: infinitePerspective function taking degrees as a parameter is deprecated. #define GLM_FORCE_RADIANS before including GLM headers to remove this message.
  GLM: tweakedInfinitePerspective function taking degrees as a parameter is deprecated. #define GLM_FORCE_RADIANS before including GLM headers to remove this message.
  GLM: polar function returning degrees is deprecated. #define GLM_FORCE_RADIANS before including GLM headers to remove this message.
  GLM: euclidean function taking degrees as parameters is deprecated. #define GLM_FORCE_RADIANS before including GLM headers to remove this message.
  GLM: rotate function taking degrees as parameters is deprecated. #define GLM_FORCE_RADIANS before including GLM headers to remove this message.
  GLM: rotateX function taking degrees as parameters is deprecated. #define GLM_FORCE_RADIANS before including GLM headers to remove this message.
  GLM: rotateY function taking degrees as parameters is deprecated. #define GLM_FORCE_RADIANS before including GLM headers to remove this message.
  GLM: rotateZ function taking degrees as parameters is deprecated. #define GLM_FORCE_RADIANS before including GLM headers to remove this message.
  GLM: rotateX function taking degrees as parameters is deprecated. #define GLM_FORCE_RADIANS before including GLM headers to remove this message.
  GLM: rotateX function taking degrees as parameters is deprecated. #define GLM_FORCE_RADIANS before including GLM headers to remove this message.
  GLM: rotateZ function taking degrees as parameters is deprecated. #define GLM_FORCE_RADIANS before including GLM headers to remove this message.
  GLM: rotateZ function taking degrees as parameters is deprecated. #define GLM_FORCE_RADIANS before including GLM headers to remove this message.
  GLM: angle function returning degrees is deprecated. #define GLM_FORCE_RADIANS before including GLM headers to remove this message.
  GLM: angle function returning degrees is deprecated. #define GLM_FORCE_RADIANS before including GLM headers to remove this message.
  GLM: orientedAngle function returning degrees is deprecated. #define GLM_FORCE_RADIANS before including GLM headers to remove this message.
  GLM: orientedAngle function returning degrees is deprecated. #define GLM_FORCE_RADIANS before including GLM headers to remove this message.
  imgui.cpp
  imgui_demo.cpp
  imgui_draw.cpp
  imgui_tables.cpp
  imgui_widgets.cpp
  imgui_impl_glfw.cpp
  imgui_impl_opengl3.cpp
  FBO.cpp
  FrameBuffer.cpp
  GLM: rotate function taking degrees as a parameter is deprecated. #define GLM_FORCE_RADIANS before including GLM headers to remove this message.
  GLM: roll function returning degrees is deprecated. #define GLM_FORCE_RADIANS before including GLM headers to remove this message.
  GLM: pitch function returning degrees is deprecated. #define GLM_FORCE_RADIANS before including GLM headers to remove this message.
  GLM: yaw function returning degrees is deprecated. #define GLM_FORCE_RADIANS before including GLM headers to remove this message.
  GLM: angle function returning degrees is deprecated. #define GLM_FORCE_RADIANS before including GLM headers to remove this message.
  GLM: angleAxis function taking degrees as a parameter is deprecated. #define GLM_FORCE_RADIANS before including GLM headers to remove this message.
  GLM: rotate function taking degrees as a parameter is deprecated. #define GLM_FORCE_RADIANS before including GLM headers to remove this message.
  GLM: rotate_slow function taking degrees as a parameter is deprecated. #define GLM_FORCE_RADIANS before including GLM headers to remove this message.
  GLM: perspective function taking degrees as a parameter is deprecated. #define GLM_FORCE_RADIANS before including GLM headers to remove this message.
  GLM: perspectiveFov function taking degrees as a parameter is deprecated. #define GLM_FORCE_RADIANS before including GLM headers to remove this message.
  GLM: infinitePerspective function taking degrees as a parameter is deprecated. #define GLM_FORCE_RADIANS before including GLM headers to remove this message.
  GLM: tweakedInfinitePerspective function taking degrees as a parameter is deprecated. #define GLM_FORCE_RADIANS before including GLM headers to remove this message.
  GLM: polar function returning degrees is deprecated. #define GLM_FORCE_RADIANS before including GLM headers to remove this message.
  GLM: euclidean function taking degrees as parameters is deprecated. #define GLM_FORCE_RADIANS before including GLM headers to remove this message.
  GLM: rotate function taking degrees as parameters is deprecated. #define GLM_FORCE_RADIANS before including GLM headers to remove this message.
  GLM: rotateX function taking degrees as parameters is deprecated. #define GLM_FORCE_RADIANS before including GLM headers to remove this message.
  GLM: rotateY function taking degrees as parameters is deprecated. #define GLM_FORCE_RADIANS before including GLM headers to remove this message.
  GLM: rotateZ function taking degrees as parameters is deprecated. #define GLM_FORCE_RADIANS before including GLM headers to remove this message.
  GLM: rotateX function taking degrees as parameters is deprecated. #define GLM_FORCE_RADIANS before including GLM headers to remove this message.
  GLM: rotateX function taking degrees as parameters is deprecated. #define GLM_FORCE_RADIANS before including GLM headers to remove this message.
  GLM: rotateZ function taking degrees as parameters is deprecated. #define GLM_FORCE_RADIANS before including GLM headers to remove this message.
  GLM: rotateZ function taking degrees as parameters is deprecated. #define GLM_FORCE_RADIANS before including GLM headers to remove this message.
  GLM: angle function returning degrees is deprecated. #define GLM_FORCE_RADIANS before including GLM headers to remove this message.
  GLM: angle function returning degrees is deprecated. #define GLM_FORCE_RADIANS before including GLM headers to remove this message.
  GLM: orientedAngle function returning degrees is deprecated. #define GLM_FORCE_RADIANS before including GLM headers to remove this message.
  GLM: orientedAngle function returning degrees is deprecated. #define GLM_FORCE_RADIANS before including GLM headers to remove this message.
  GBuffer.cpp
  GLM: rotate function taking degrees as a parameter is deprecated. #define GLM_FORCE_RADIANS before including GLM headers to remove this message.
  GLM: roll function returning degrees is deprecated. #define GLM_FORCE_RADIANS before including GLM headers to remove this message.
  GLM: pitch function returning degrees is deprecated. #define GLM_FORCE_RADIANS before including GLM headers to remove this message.
  GLM: yaw function returning degrees is deprecated. #define GLM_FORCE_RADIANS before including GLM headers to remove this message.
  GLM: angle function returning degrees is deprecated. #define GLM_FORCE_RADIANS before including GLM headers to remove this message.
  GLM: angleAxis function taking degrees as a parameter is deprecated. #define GLM_FORCE_RADIANS before including GLM headers to remove this message.
  GLM: rotate function taking degrees as a parameter is deprecated. #define GLM_FORCE_RADIANS before including GLM headers to remove this message.
  GLM: rotate_slow function taking degrees as a parameter is deprecated. #define GLM_FORCE_RADIANS before including GLM headers to remove this message.
  GLM: perspective function taking degrees as a parameter is deprecated. #define GLM_FORCE_RADIANS before including GLM headers to remove this message.
  GLM: perspectiveFov function taking degrees as a parameter is deprecated. #define GLM_FORCE_RADIANS before including GLM headers to remove this message.
  GLM: infinitePerspective function taking degrees as a parameter is deprecated. #define GLM_FORCE_RADIANS before including GLM headers to remove this message.
  GLM: tweakedInfinitePerspective function taking degrees as a parameter is deprecated. #define GLM_FORCE_RADIANS before including GLM headers to remove this message.
  GLM: polar function returning degrees is deprecated. #define GLM_FORCE_RADIANS before including GLM headers to remove this message.
  GLM: euclidean function taking degrees as parameters is deprecated. #define GLM_FORCE_RADIANS before including GLM headers to remove this message.
  GLM: rotate function taking degrees as parameters is deprecated. #define GLM_FORCE_RADIANS before including GLM headers to remove this message.
  GLM: rotateX function taking degrees as parameters is deprecated. #define GLM_FORCE_RADIANS before including GLM headers to remove this message.
  GLM: rotateY function taking degrees as parameters is deprecated. #define GLM_FORCE_RADIANS before including GLM headers to remove this message.
  GLM: rotateZ function taking degrees as parameters is deprecated. #define GLM_FORCE_RADIANS before including GLM headers to remove this message.
  GLM: rotateX function taking degrees as parameters is deprecated. #define GLM_FORCE_RADIANS before including GLM headers to remove this message.
  GLM: rotateX function taking degrees as parameters is deprecated. #define GLM_FORCE_RADIANS before including GLM headers to remove this message.
  GLM: rotateZ function taking degrees as parameters is deprecated. #define GLM_FORCE_RADIANS before including GLM headers to remove this message.
  GLM: rotateZ function taking degrees as parameters is deprecated. #define GLM_FORCE_RADIANS before including GLM headers to remove this message.
  GLM: angle function returning degrees is deprecated. #define GLM_FORCE_RADIANS before including GLM headers to remove this message.
  GLM: angle function returning degrees is deprecated. #define GLM_FORCE_RADIANS before including GLM headers to remove this message.
  GLM: orientedAngle function returning degrees is deprecated. #define GLM_FORCE_RADIANS before including GLM headers to remove this message.
  GLM: orientedAngle function returning degrees is deprecated. #define GLM_FORCE_RADIANS before including GLM headers to remove this message.
  geomlib-advanced.cpp
  Logging.cpp
  main.cpp
  GLM: rotate function taking degrees as a parameter is deprecated. #define GLM_FORCE_RADIANS before including GLM headers to remove this message.
  GLM: roll function returning degrees is deprecated. #define GLM_FORCE_RADIANS before including GLM headers to remove this message.
  GLM: pitch function returning degrees is deprecated. #define GLM_FORCE_RADIANS before including GLM headers to remove this message.
  GLM: yaw function returning degrees is deprecated. #define GLM_FORCE_RADIANS before including GLM headers to remove this message.
  GLM: angle function returning degrees is deprecated. #define GLM_FORCE_RADIANS before including GLM headers to remove this message.
  GLM: angleAxis function taking degrees as a parameter is deprecated. #define GLM_FORCE_RADIANS before including GLM headers to remove this message.
  GLM: rotate function taking degrees as a parameter is deprecated. #define GLM_FORCE_RADIANS before including GLM headers to remove this message.
  GLM: rotate_slow function taking degrees as a parameter is deprecated. #define GLM_FORCE_RADIANS before including GLM headers to remove this message.
  GLM: perspective function taking degrees as a parameter is deprecated. #define GLM_FORCE_RADIANS before including GLM headers to remove this message.
  GLM: perspectiveFov function taking degrees as a parameter is deprecated. #define GLM_FORCE_RADIANS before including GLM headers to remove this message.
  GLM: infinitePerspective function taking degrees as a parameter is deprecated. #define GLM_FORCE_RADIANS before including GLM headers to remove this message.
  GLM: tweakedInfinitePerspective function taking degrees as a parameter is deprecated. #define GLM_FORCE_RADIANS before including GLM headers to remove this message.
  GLM: polar function returning degrees is deprecated. #define GLM_FORCE_RADIANS before including GLM headers to remove this message.
  GLM: euclidean function taking degrees as parameters is deprecated. #define GLM_FORCE_RADIANS before including GLM headers to remove this message.
  GLM: rotate function taking degrees as parameters is deprecated. #define GLM_FORCE_RADIANS before including GLM headers to remove this message.
  GLM: rotateX function taking degrees as parameters is deprecated. #define GLM_FORCE_RADIANS before including GLM headers to remove this message.
  GLM: rotateY function taking degrees as parameters is deprecated. #define GLM_FORCE_RADIANS before including GLM headers to remove this message.
  GLM: rotateZ function taking degrees as parameters is deprecated. #define GLM_FORCE_RADIANS before including GLM headers to remove this message.
  GLM: rotateX function taking degrees as parameters is deprecated. #define GLM_FORCE_RADIANS before including GLM headers to remove this message.
  GLM: rotateX function taking degrees as parameters is deprecated. #define GLM_FORCE_RADIANS before including GLM headers to remove this message.
  GLM: rotateZ function taking degrees as parameters is deprecated. #define GLM_FORCE_RADIANS before including GLM headers to remove this message.
  GLM: rotateZ function taking degrees as parameters is deprecated. #define GLM_FORCE_RADIANS before including GLM headers to remove this message.
  GLM: angle function returning degrees is deprecated. #define GLM_FORCE_RADIANS before including GLM headers to remove this message.
  GLM: angle function returning degrees is deprecated. #define GLM_FORCE_RADIANS before including GLM headers to remove this message.
  GLM: orientedAngle function returning degrees is deprecated. #define GLM_FORCE_RADIANS before including GLM headers to remove this message.
  GLM: orientedAngle function returning degrees is deprecated. #define GLM_FORCE_RADIANS before including GLM headers to remove this message.
  Material.cpp
  GLM: rotate function taking degrees as a parameter is deprecated. #define GLM_FORCE_RADIANS before including GLM headers to remove this message.
  GLM: roll function returning degrees is deprecated. #define GLM_FORCE_RADIANS before including GLM headers to remove this message.
  GLM: pitch function returning degrees is deprecated. #define GLM_FORCE_RADIANS before including GLM headers to remove this message.
  GLM: yaw function returning degrees is deprecated. #define GLM_FORCE_RADIANS before including GLM headers to remove this message.
  GLM: angle function returning degrees is deprecated. #define GLM_FORCE_RADIANS before including GLM headers to remove this message.
  GLM: angleAxis function taking degrees as a parameter is deprecated. #define GLM_FORCE_RADIANS before including GLM headers to remove this message.
  GLM: rotate function taking degrees as a parameter is deprecated. #define GLM_FORCE_RADIANS before including GLM headers to remove this message.
  GLM: rotate_slow function taking degrees as a parameter is deprecated. #define GLM_FORCE_RADIANS before including GLM headers to remove this message.
  GLM: perspective function taking degrees as a parameter is deprecated. #define GLM_FORCE_RADIANS before including GLM headers to remove this message.
  GLM: perspectiveFov function taking degrees as a parameter is deprecated. #define GLM_FORCE_RADIANS before including GLM headers to remove this message.
  GLM: infinitePerspective function taking degrees as a parameter is deprecated. #define GLM_FORCE_RADIANS before including GLM headers to remove this message.
  GLM: tweakedInfinitePerspective function taking degrees as a parameter is deprecated. #define GLM_FORCE_RADIANS before including GLM headers to remove this message.
  GLM: polar function returning degrees is deprecated. #define GLM_FORCE_RADIANS before including GLM headers to remove this message.
  GLM: euclidean function taking degrees as parameters is deprecated. #define GLM_FORCE_RADIANS before including GLM headers to remove this message.
  GLM: rotate function taking degrees as parameters is deprecated. #define GLM_FORCE_RADIANS before including GLM headers to remove this message.
  GLM: rotateX function taking degrees as parameters is deprecated. #define GLM_FORCE_RADIANS before including GLM headers to remove this message.
  GLM: rotateY function taking degrees as parameters is deprecated. #define GLM_FORCE_RADIANS before including GLM headers to remove this message.
  GLM: rotateZ function taking degrees as parameters is deprecated. #define GLM_FORCE_RADIANS before including GLM headers to remove this message.
  GLM: rotateX function taking degrees as parameters is deprecated. #define GLM_FORCE_RADIANS before including GLM headers to remove this message.
  GLM: rotateX function taking degrees as parameters is deprecated. #define GLM_FORCE_RADIANS before including GLM headers to remove this message.
  GLM: rotateZ function taking degrees as parameters is deprecated. #define GLM_FORCE_RADIANS before including GLM headers to remove this message.
  GLM: rotateZ function taking degrees as parameters is deprecated. #define GLM_FORCE_RADIANS before including GLM headers to remove this message.
  GLM: angle function returning degrees is deprecated. #define GLM_FORCE_RADIANS before including GLM headers to remove this message.
  GLM: angle function returning degrees is deprecated. #define GLM_FORCE_RADIANS before including GLM headers to remove this message.
  GLM: orientedAngle function returning degrees is deprecated. #define GLM_FORCE_RADIANS before including GLM headers to remove this message.
  GLM: orientedAngle function returning degrees is deprecated. #define GLM_FORCE_RADIANS before including GLM headers to remove this message.
  Mesh.cpp
  The contents of <filesystem> are available only with C++17 or later.
  GLM: rotate function taking degrees as a parameter is deprecated. #define GLM_FORCE_RADIANS before including GLM headers to remove this message.
  GLM: roll function returning degrees is deprecated. #define GLM_FORCE_RADIANS before including GLM headers to remove this message.
  GLM: pitch function returning degrees is deprecated. #define GLM_FORCE_RADIANS before including GLM headers to remove this message.
  GLM: yaw function returning degrees is deprecated. #define GLM_FORCE_RADIANS before including GLM headers to remove this message.
  GLM: angle function returning degrees is deprecated. #define GLM_FORCE_RADIANS before including GLM headers to remove this message.
  GLM: angleAxis function taking degrees as a parameter is deprecated. #define GLM_FORCE_RADIANS before including GLM headers to remove this message.
  GLM: rotate function taking degrees as a parameter is deprecated. #define GLM_FORCE_RADIANS before including GLM headers to remove this message.
  GLM: rotate_slow function taking degrees as a parameter is deprecated. #define GLM_FORCE_RADIANS before including GLM headers to remove this message.
  GLM: perspective function taking degrees as a parameter is deprecated. #define GLM_FORCE_RADIANS before including GLM headers to remove this message.
  GLM: perspectiveFov function taking degrees as a parameter is deprecated. #define GLM_FORCE_RADIANS before including GLM headers to remove this message.
  GLM: infinitePerspective function taking degrees as a parameter is deprecated. #define GLM_FORCE_RADIANS before including GLM headers to remove this message.
  GLM: tweakedInfinitePerspective function taking degrees as a parameter is deprecated. #define GLM_FORCE_RADIANS before including GLM headers to remove this message.
  GLM: polar function returning degrees is deprecated. #define GLM_FORCE_RADIANS before including GLM headers to remove this message.
  GLM: euclidean function taking degrees as parameters is deprecated. #define GLM_FORCE_RADIANS before including GLM headers to remove this message.
  GLM: rotate function taking degrees as parameters is deprecated. #define GLM_FORCE_RADIANS before including GLM headers to remove this message.
  GLM: rotateX function taking degrees as parameters is deprecated. #define GLM_FORCE_RADIANS before including GLM headers to remove this message.
  GLM: rotateY function taking degrees as parameters is deprecated. #define GLM_FORCE_RADIANS before including GLM headers to remove this message.
  GLM: rotateZ function taking degrees as parameters is deprecated. #define GLM_FORCE_RADIANS before including GLM headers to remove this message.
  GLM: rotateX function taking degrees as parameters is deprecated. #define GLM_FORCE_RADIANS before including GLM headers to remove this message.
  GLM: rotateX function taking degrees as parameters is deprecated. #define GLM_FORCE_RADIANS before including GLM headers to remove this message.
  GLM: rotateZ function taking degrees as parameters is deprecated. #define GLM_FORCE_RADIANS before including GLM headers to remove this message.
  GLM: rotateZ function taking degrees as parameters is deprecated. #define GLM_FORCE_RADIANS before including GLM headers to remove this message.
  GLM: angle function returning degrees is deprecated. #define GLM_FORCE_RADIANS before including GLM headers to remove this message.
  GLM: angle function returning degrees is deprecated. #define GLM_FORCE_RADIANS before including GLM headers to remove this message.
  GLM: orientedAngle function returning degrees is deprecated. #define GLM_FORCE_RADIANS before including GLM headers to remove this message.
  GLM: orientedAngle function returning degrees is deprecated. #define GLM_FORCE_RADIANS before including GLM headers to remove this message.
  Compiling...
  Platform.cpp
  PlayerSystem.cpp
  GLM: rotate function taking degrees as a parameter is deprecated. #define GLM_FORCE_RADIANS before including GLM headers to remove this message.
  GLM: roll function returning degrees is deprecated. #define GLM_FORCE_RADIANS before including GLM headers to remove this message.
  GLM: pitch function returning degrees is deprecated. #define GLM_FORCE_RADIANS before including GLM headers to remove this message.
  GLM: yaw function returning degrees is deprecated. #define GLM_FORCE_RADIANS before including GLM headers to remove this message.
  GLM: angle function returning degrees is deprecated. #define GLM_FORCE_RADIANS before including GLM headers to remove this message.
  GLM: angleAxis function taking degrees as a parameter is deprecated. #define GLM_FORCE_RADIANS before including GLM headers to remove this message.
  GLM: rotate function taking degrees as a parameter is deprecated. #define GLM_FORCE_RADIANS before including GLM headers to remove this message.
  GLM: rotate_slow function taking degrees as a parameter is deprecated. #define GLM_FORCE_RADIANS before including GLM headers to remove this message.
  GLM: perspective function taking degrees as a parameter is deprecated. #define GLM_FORCE_RADIANS before including GLM headers to remove this message.
  GLM: perspectiveFov function taking degrees as a parameter is deprecated. #define GLM_FORCE_RADIANS before including GLM headers to remove this message.
  GLM: infinitePerspective function taking degrees as a parameter is deprecated. #define GLM_FORCE_RADIANS before including GLM headers to remove this message.
  GLM: tweakedInfinitePerspective function taking degrees as a parameter is deprecated. #define GLM_FORCE_RADIANS before including GLM headers to remove this message.
  GLM: polar function returning degrees is deprecated. #define GLM_FORCE_RADIANS before including GLM headers to remove this message.
  GLM: euclidean function taking degrees as parameters is deprecated. #define GLM_FORCE_RADIANS before including GLM headers to remove this message.
  GLM: rotate function taking degrees as parameters is deprecated. #define GLM_FORCE_RADIANS before including GLM headers to remove this message.
  GLM: rotateX function taking degrees as parameters is deprecated. #define GLM_FORCE_RADIANS before including GLM headers to remove this message.
  GLM: rotateY function taking degrees as parameters is deprecated. #define GLM_FORCE_RADIANS before including GLM headers to remove this message.
  GLM: rotateZ function taking degrees as parameters is deprecated. #define GLM_FORCE_RADIANS before including GLM headers to remove this message.
  GLM: rotateX function taking degrees as parameters is deprecated. #define GLM_FORCE_RADIANS before including GLM headers to remove this message.
  GLM: rotateX function taking degrees as parameters is deprecated. #define GLM_FORCE_RADIANS before including GLM headers to remove this message.
  GLM: rotateZ function taking degrees as parameters is deprecated. #define GLM_FORCE_RADIANS before including GLM headers to remove this message.
  GLM: rotateZ function taking degrees as parameters is deprecated. #define GLM_FORCE_RADIANS before including GLM headers to remove this message.
  GLM: angle function returning degrees is deprecated. #define GLM_FORCE_RADIANS before including GLM headers to remove this message.
  GLM: angle function returning degrees is deprecated. #define GLM_FORCE_RADIANS before including GLM headers to remove this message.
  GLM: orientedAngle function returning degrees is deprecated. #define GLM_FORCE_RADIANS before including GLM headers to remove this message.
  GLM: orientedAngle function returning degrees is deprecated. #define GLM_FORCE_RADIANS before including GLM headers to remove this message.
  PointLight.cpp
  GLM: rotate function taking degrees as a parameter is deprecated. #define GLM_FORCE_RADIANS before including GLM headers to remove this message.
  GLM: roll function returning degrees is deprecated. #define GLM_FORCE_RADIANS before including GLM headers to remove this message.
  GLM: pitch function returning degrees is deprecated. #define GLM_FORCE_RADIANS before including GLM headers to remove this message.
  GLM: yaw function returning degrees is deprecated. #define GLM_FORCE_RADIANS before including GLM headers to remove this message.
  GLM: angle function returning degrees is deprecated. #define GLM_FORCE_RADIANS before including GLM headers to remove this message.
  GLM: angleAxis function taking degrees as a parameter is deprecated. #define GLM_FORCE_RADIANS before including GLM headers to remove this message.
  GLM: rotate function taking degrees as a parameter is deprecated. #define GLM_FORCE_RADIANS before including GLM headers to remove this message.
  GLM: rotate_slow function taking degrees as a parameter is deprecated. #define GLM_FORCE_RADIANS before including GLM headers to remove this message.
  GLM: perspective function taking degrees as a parameter is deprecated. #define GLM_FORCE_RADIANS before including GLM headers to remove this message.
  GLM: perspectiveFov function taking degrees as a parameter is deprecated. #define GLM_FORCE_RADIANS before including GLM headers to remove this message.
  GLM: infinitePerspective function taking degrees as a parameter is deprecated. #define GLM_FORCE_RADIANS before including GLM headers to remove this message.
  GLM: tweakedInfinitePerspective function taking degrees as a parameter is deprecated. #define GLM_FORCE_RADIANS before including GLM headers to remove this message.
  GLM: polar function returning degrees is deprecated. #define GLM_FORCE_RADIANS before including GLM headers to remove this message.
  GLM: euclidean function taking degrees as parameters is deprecated. #define GLM_FORCE_RADIANS before including GLM headers to remove this message.
  GLM: rotate function taking degrees as parameters is deprecated. #define GLM_FORCE_RADIANS before including GLM headers to remove this message.
  GLM: rotateX function taking degrees as parameters is deprecated. #define GLM_FORCE_RADIANS before including GLM headers to remove this message.
  GLM: rotateY function taking degrees as parameters is deprecated. #define GLM_FORCE_RADIANS before including GLM headers to remove this message.
  GLM: rotateZ function taking degrees as parameters is deprecated. #define GLM_FORCE_RADIANS before including GLM headers to remove this message.
  GLM: rotateX function taking degrees as parameters is deprecated. #define GLM_FORCE_RADIANS before including GLM headers to remove this message.
  GLM: rotateX function taking degrees as parameters is deprecated. #define GLM_FORCE_RADIANS before including GLM headers to remove this message.
  GLM: rotateZ function taking degrees as parameters is deprecated. #define GLM_FORCE_RADIANS before including GLM headers to remove this message.
  GLM: rotateZ function taking degrees as parameters is deprecated. #define GLM_FORCE_RADIANS before including GLM headers to remove this message.
  GLM: angle function returning degrees is deprecated. #define GLM_FORCE_RADIANS before including GLM headers to remove this message.
  GLM: angle function returning degrees is deprecated. #define GLM_FORCE_RADIANS before including GLM headers to remove this message.
  GLM: orientedAngle function returning degrees is deprecated. #define GLM_FORCE_RADIANS before including GLM headers to remove this message.
  GLM: orientedAngle function returning degrees is deprecated. #define GLM_FORCE_RADIANS before including GLM headers to remove this message.
  RenderPipeline.cpp
  GLM: rotate function taking degrees as a parameter is deprecated. #define GLM_FORCE_RADIANS before including GLM headers to remove this message.
  GLM: roll function returning degrees is deprecated. #define GLM_FORCE_RADIANS before including GLM headers to remove this message.
  GLM: pitch function returning degrees is deprecated. #define GLM_FORCE_RADIANS before including GLM headers to remove this message.
  GLM: yaw function returning degrees is deprecated. #define GLM_FORCE_RADIANS before including GLM headers to remove this message.
  GLM: angle function returning degrees is deprecated. #define GLM_FORCE_RADIANS before including GLM headers to remove this message.
  GLM: angleAxis function taking degrees as a parameter is deprecated. #define GLM_FORCE_RADIANS before including GLM headers to remove this message.
  GLM: rotate function taking degrees as a parameter is deprecated. #define GLM_FORCE_RADIANS before including GLM headers to remove this message.
  GLM: rotate_slow function taking degrees as a parameter is deprecated. #define GLM_FORCE_RADIANS before including GLM headers to remove this message.
  GLM: perspective function taking degrees as a parameter is deprecated. #define GLM_FORCE_RADIANS before including GLM headers to remove this message.
  GLM: perspectiveFov function taking degrees as a parameter is deprecated. #define GLM_FORCE_RADIANS before including GLM headers to remove this message.
  GLM: infinitePerspective function taking degrees as a parameter is deprecated. #define GLM_FORCE_RADIANS before including GLM headers to remove this message.
  GLM: tweakedInfinitePerspective function taking degrees as a parameter is deprecated. #define GLM_FORCE_RADIANS before including GLM headers to remove this message.
  GLM: polar function returning degrees is deprecated. #define GLM_FORCE_RADIANS before including GLM headers to remove this message.
  GLM: euclidean function taking degrees as parameters is deprecated. #define GLM_FORCE_RADIANS before including GLM headers to remove this message.
  GLM: rotate function taking degrees as parameters is deprecated. #define GLM_FORCE_RADIANS before including GLM headers to remove this message.
  GLM: rotateX function taking degrees as parameters is deprecated. #define GLM_FORCE_RADIANS before including GLM headers to remove this message.
  GLM: rotateY function taking degrees as parameters is deprecated. #define GLM_FORCE_RADIANS before including GLM headers to remove this message.
  GLM: rotateZ function taking degrees as parameters is deprecated. #define GLM_FORCE_RADIANS before including GLM headers to remove this message.
  GLM: rotateX function taking degrees as parameters is deprecated. #define GLM_FORCE_RADIANS before including GLM headers to remove this message.
  GLM: rotateX function taking degrees as parameters is deprecated. #define GLM_FORCE_RADIANS before including GLM headers to remove this message.
  GLM: rotateZ function taking degrees as parameters is deprecated. #define GLM_FORCE_RADIANS before including GLM headers to remove this message.
  GLM: rotateZ function taking degrees as parameters is deprecated. #define GLM_FORCE_RADIANS before including GLM headers to remove this message.
  GLM: angle function returning degrees is deprecated. #define GLM_FORCE_RADIANS before including GLM headers to remove this message.
  GLM: angle function returning degrees is deprecated. #define GLM_FORCE_RADIANS before including GLM headers to remove this message.
  GLM: orientedAngle function returning degrees is deprecated. #define GLM_FORCE_RADIANS before including GLM headers to remove this message.
  GLM: orientedAngle function returning degrees is deprecated. #define GLM_FORCE_RADIANS before including GLM headers to remove this message.
  RenderSystem.cpp
  GLM: rotate function taking degrees as a parameter is deprecated. #define GLM_FORCE_RADIANS before including GLM headers to remove this message.
  GLM: roll function returning degrees is deprecated. #define GLM_FORCE_RADIANS before including GLM headers to remove this message.
  GLM: pitch function returning degrees is deprecated. #define GLM_FORCE_RADIANS before including GLM headers to remove this message.
  GLM: yaw function returning degrees is deprecated. #define GLM_FORCE_RADIANS before including GLM headers to remove this message.
  GLM: angle function returning degrees is deprecated. #define GLM_FORCE_RADIANS before including GLM headers to remove this message.
  GLM: angleAxis function taking degrees as a parameter is deprecated. #define GLM_FORCE_RADIANS before including GLM headers to remove this message.
  GLM: rotate function taking degrees as a parameter is deprecated. #define GLM_FORCE_RADIANS before including GLM headers to remove this message.
  GLM: rotate_slow function taking degrees as a parameter is deprecated. #define GLM_FORCE_RADIANS before including GLM headers to remove this message.
  GLM: perspective function taking degrees as a parameter is deprecated. #define GLM_FORCE_RADIANS before including GLM headers to remove this message.
  GLM: perspectiveFov function taking degrees as a parameter is deprecated. #define GLM_FORCE_RADIANS before including GLM headers to remove this message.
  GLM: infinitePerspective function taking degrees as a parameter is deprecated. #define GLM_FORCE_RADIANS before including GLM headers to remove this message.
  GLM: tweakedInfinitePerspective function taking degrees as a parameter is deprecated. #define GLM_FORCE_RADIANS before including GLM headers to remove this message.
  GLM: polar function returning degrees is deprecated. #define GLM_FORCE_RADIANS before including GLM headers to remove this message.
  GLM: euclidean function taking degrees as parameters is deprecated. #define GLM_FORCE_RADIANS before including GLM headers to remove this message.
  GLM: rotate function taking degrees as parameters is deprecated. #define GLM_FORCE_RADIANS before including GLM headers to remove this message.
  GLM: rotateX function taking degrees as parameters is deprecated. #define GLM_FORCE_RADIANS before including GLM headers to remove this message.
  GLM: rotateY function taking degrees as parameters is deprecated. #define GLM_FORCE_RADIANS before including GLM headers to remove this message.
  GLM: rotateZ function taking degrees as parameters is deprecated. #define GLM_FORCE_RADIANS before including GLM headers to remove this message.
  GLM: rotateX function taking degrees as parameters is deprecated. #define GLM_FORCE_RADIANS before including GLM headers to remove this message.
  GLM: rotateX function taking degrees as parameters is deprecated. #define GLM_FORCE_RADIANS before including GLM headers to remove this message.
  GLM: rotateZ function taking degrees as parameters is deprecated. #define GLM_FORCE_RADIANS before including GLM headers to remove this message.
  GLM: rotateZ function taking degrees as parameters is deprecated. #define GLM_FORCE_RADIANS before including GLM headers to remove this message.
  GLM: angle function returning degrees is deprecated. #define GLM_FORCE_RADIANS before including GLM headers to remove this message.
  GLM: angle function returning degrees is deprecated. #define GLM_FORCE_RADIANS before including GLM headers to remove this message.
  GLM: orientedAngle function returning degrees is deprecated. #define GLM_FORCE_RADIANS before including GLM headers to remove this message.
  GLM: orientedAngle function returning degrees is deprecated. #define GLM_FORCE_RADIANS before including GLM headers to remove this message.
  GLM: rotate function taking degrees as a parameter is deprecated. #define GLM_FORCE_RADIANS before including GLM headers to remove this message.
  GLM: perspective function taking degrees as a parameter is deprecated. #define GLM_FORCE_RADIANS before including GLM headers to remove this message.
  ResourceManager.cpp
  GLM: rotate function taking degrees as a parameter is deprecated. #define GLM_FORCE_RADIANS before including GLM headers to remove this message.
  GLM: roll function returning degrees is deprecated. #define GLM_FORCE_RADIANS before including GLM headers to remove this message.
  GLM: pitch function returning degrees is deprecated. #define GLM_FORCE_RADIANS before including GLM headers to remove this message.
  GLM: yaw function returning degrees is deprecated. #define GLM_FORCE_RADIANS before including GLM headers to remove this message.
  GLM: angle function returning degrees is deprecated. #define GLM_FORCE_RADIANS before including GLM headers to remove this message.
  GLM: angleAxis function taking degrees as a parameter is deprecated. #define GLM_FORCE_RADIANS before including GLM headers to remove this message.
  GLM: rotate function taking degrees as a parameter is deprecated. #define GLM_FORCE_RADIANS before including GLM headers to remove this message.
  GLM: rotate_slow function taking degrees as a parameter is deprecated. #define GLM_FORCE_RADIANS before including GLM headers to remove this message.
  GLM: perspective function taking degrees as a parameter is deprecated. #define GLM_FORCE_RADIANS before including GLM headers to remove this message.
  GLM: perspectiveFov function taking degrees as a parameter is deprecated. #define GLM_FORCE_RADIANS before including GLM headers to remove this message.
  GLM: infinitePerspective function taking degrees as a parameter is deprecated. #define GLM_FORCE_RADIANS before including GLM headers to remove this message.
  GLM: tweakedInfinitePerspective function taking degrees as a parameter is deprecated. #define GLM_FORCE_RADIANS before including GLM headers to remove this message.
  GLM: polar function returning degrees is deprecated. #define GLM_FORCE_RADIANS before including GLM headers to remove this message.
  GLM: euclidean function taking degrees as parameters is deprecated. #define GLM_FORCE_RADIANS before including GLM headers to remove this message.
  GLM: rotate function taking degrees as parameters is deprecated. #define GLM_FORCE_RADIANS before including GLM headers to remove this message.
  GLM: rotateX function taking degrees as parameters is deprecated. #define GLM_FORCE_RADIANS before including GLM headers to remove this message.
  GLM: rotateY function taking degrees as parameters is deprecated. #define GLM_FORCE_RADIANS before including GLM headers to remove this message.
  GLM: rotateZ function taking degrees as parameters is deprecated. #define GLM_FORCE_RADIANS before including GLM headers to remove this message.
  GLM: rotateX function taking degrees as parameters is deprecated. #define GLM_FORCE_RADIANS before including GLM headers to remove this message.
  GLM: rotateX function taking degrees as parameters is deprecated. #define GLM_FORCE_RADIANS before including GLM headers to remove this message.
  GLM: rotateZ function taking degrees as parameters is deprecated. #define GLM_FORCE_RADIANS before including GLM headers to remove this message.
  GLM: rotateZ function taking degrees as parameters is deprecated. #define GLM_FORCE_RADIANS before including GLM headers to remove this message.
  GLM: angle function returning degrees is deprecated. #define GLM_FORCE_RADIANS before including GLM headers to remove this message.
  GLM: angle function returning degrees is deprecated. #define GLM_FORCE_RADIANS before including GLM headers to remove this message.
  GLM: orientedAngle function returning degrees is deprecated. #define GLM_FORCE_RADIANS before including GLM headers to remove this message.
  GLM: orientedAngle function returning degrees is deprecated. #define GLM_FORCE_RADIANS before including GLM headers to remove this message.
  Serialization.cpp
C:\Users\me\Desktop\Cole Engine\ColeEngine\ColeEngine\ColeEngine\Serialization.h(8,10): fatal error C1083: Cannot open include file: 'rapidjson/document.h': No such file or directory
  Shader.cpp
  Shapes.cpp
  Texture.cpp
  Transform.cpp
  GLM: rotate function taking degrees as a parameter is deprecated. #define GLM_FORCE_RADIANS before including GLM headers to remove this message.
  GLM: roll function returning degrees is deprecated. #define GLM_FORCE_RADIANS before including GLM headers to remove this message.
  GLM: pitch function returning degrees is deprecated. #define GLM_FORCE_RADIANS before including GLM headers to remove this message.
  GLM: yaw function returning degrees is deprecated. #define GLM_FORCE_RADIANS before including GLM headers to remove this message.
  GLM: angle function returning degrees is deprecated. #define GLM_FORCE_RADIANS before including GLM headers to remove this message.
  GLM: angleAxis function taking degrees as a parameter is deprecated. #define GLM_FORCE_RADIANS before including GLM headers to remove this message.
  GLM: rotate function taking degrees as a parameter is deprecated. #define GLM_FORCE_RADIANS before including GLM headers to remove this message.
  GLM: rotate_slow function taking degrees as a parameter is deprecated. #define GLM_FORCE_RADIANS before including GLM headers to remove this message.
  GLM: perspective function taking degrees as a parameter is deprecated. #define GLM_FORCE_RADIANS before including GLM headers to remove this message.
  GLM: perspectiveFov function taking degrees as a parameter is deprecated. #define GLM_FORCE_RADIANS before including GLM headers to remove this message.
  GLM: infinitePerspective function taking degrees as a parameter is deprecated. #define GLM_FORCE_RADIANS before including GLM headers to remove this message.
  GLM: tweakedInfinitePerspective function taking degrees as a parameter is deprecated. #define GLM_FORCE_RADIANS before including GLM headers to remove this message.
  GLM: polar function returning degrees is deprecated. #define GLM_FORCE_RADIANS before including GLM headers to remove this message.
  GLM: euclidean function taking degrees as parameters is deprecated. #define GLM_FORCE_RADIANS before including GLM headers to remove this message.
  GLM: rotate function taking degrees as parameters is deprecated. #define GLM_FORCE_RADIANS before including GLM headers to remove this message.
  GLM: rotateX function taking degrees as parameters is deprecated. #define GLM_FORCE_RADIANS before including GLM headers to remove this message.
  GLM: rotateY function taking degrees as parameters is deprecated. #define GLM_FORCE_RADIANS before including GLM headers to remove this message.
  GLM: rotateZ function taking degrees as parameters is deprecated. #define GLM_FORCE_RADIANS before including GLM headers to remove this message.
  GLM: rotateX function taking degrees as parameters is deprecated. #define GLM_FORCE_RADIANS before including GLM headers to remove this message.
  GLM: rotateX function taking degrees as parameters is deprecated. #define GLM_FORCE_RADIANS before including GLM headers to remove this message.
  GLM: rotateZ function taking degrees as parameters is deprecated. #define GLM_FORCE_RADIANS before including GLM headers to remove this message.
  GLM: rotateZ function taking degrees as parameters is deprecated. #define GLM_FORCE_RADIANS before including GLM headers to remove this message.
  GLM: angle function returning degrees is deprecated. #define GLM_FORCE_RADIANS before including GLM headers to remove this message.
  GLM: angle function returning degrees is deprecated. #define GLM_FORCE_RADIANS before including GLM headers to remove this message.
  GLM: orientedAngle function returning degrees is deprecated. #define GLM_FORCE_RADIANS before including GLM headers to remove this message.
  GLM: orientedAngle function returning degrees is deprecated. #define GLM_FORCE_RADIANS before including GLM headers to remove this message.
  UI.cpp
  GLM: rotate function taking degrees as a parameter is deprecated. #define GLM_FORCE_RADIANS before including GLM headers to remove this message.
  GLM: roll function returning degrees is deprecated. #define GLM_FORCE_RADIANS before including GLM headers to remove this message.
  GLM: pitch function returning degrees is deprecated. #define GLM_FORCE_RADIANS before including GLM headers to remove this message.
  GLM: yaw function returning degrees is deprecated. #define GLM_FORCE_RADIANS before including GLM headers to remove this message.
  GLM: angle function returning degrees is deprecated. #define GLM_FORCE_RADIANS before including GLM headers to remove this message.
  GLM: angleAxis function taking degrees as a parameter is deprecated. #define GLM_FORCE_RADIANS before including GLM headers to remove this message.
  GLM: rotate function taking degrees as a parameter is deprecated. #define GLM_FORCE_RADIANS before including GLM headers to remove this message.
  GLM: rotate_slow function taking degrees as a parameter is deprecated. #define GLM_FORCE_RADIANS before including GLM headers to remove this message.
  GLM: perspective function taking degrees as a parameter is deprecated. #define GLM_FORCE_RADIANS before including GLM headers to remove this message.
  GLM: perspectiveFov function taking degrees as a parameter is deprecated. #define GLM_FORCE_RADIANS before including GLM headers to remove this message.
  GLM: infinitePerspective function taking degrees as a parameter is deprecated. #define GLM_FORCE_RADIANS before including GLM headers to remove this message.
  GLM: tweakedInfinitePerspective function taking degrees as a parameter is deprecated. #define GLM_FORCE_RADIANS before including GLM headers to remove this message.
  GLM: polar function returning degrees is deprecated. #define GLM_FORCE_RADIANS before including GLM headers to remove this message.
  GLM: euclidean function taking degrees as parameters is deprecated. #define GLM_FORCE_RADIANS before including GLM headers to remove this message.
  GLM: rotate function taking degrees as parameters is deprecated. #define GLM_FORCE_RADIANS before including GLM headers to remove this message.
  GLM: rotateX function taking degrees as parameters is deprecated. #define GLM_FORCE_RADIANS before including GLM headers to remove this message.
  GLM: rotateY function taking degrees as parameters is deprecated. #define GLM_FORCE_RADIANS before including GLM headers to remove this message.
  GLM: rotateZ function taking degrees as parameters is deprecated. #define GLM_FORCE_RADIANS before including GLM headers to remove this message.
  GLM: rotateX function taking degrees as parameters is deprecated. #define GLM_FORCE_RADIANS before including GLM headers to remove this message.
  GLM: rotateX function taking degrees as parameters is deprecated. #define GLM_FORCE_RADIANS before including GLM headers to remove this message.
  GLM: rotateZ function taking degrees as parameters is deprecated. #define GLM_FORCE_RADIANS before including GLM headers to remove this message.
  GLM: rotateZ function taking degrees as parameters is deprecated. #define GLM_FORCE_RADIANS before including GLM headers to remove this message.
  GLM: angle function returning degrees is deprecated. #define GLM_FORCE_RADIANS before including GLM headers to remove this message.
  GLM: angle function returning degrees is deprecated. #define GLM_FORCE_RADIANS before including GLM headers to remove this message.
  GLM: orientedAngle function returning degrees is deprecated. #define GLM_FORCE_RADIANS before including GLM headers to remove this message.
  GLM: orientedAngle function returning degrees is deprecated. #define GLM_FORCE_RADIANS before including GLM headers to remove this message.
  World.cpp
  GLM: rotate function taking degrees as a parameter is deprecated. #define GLM_FORCE_RADIANS before including GLM headers to remove this message.
  GLM: roll function returning degrees is deprecated. #define GLM_FORCE_RADIANS before including GLM headers to remove this message.
  GLM: pitch function returning degrees is deprecated. #define GLM_FORCE_RADIANS before including GLM headers to remove this message.
  GLM: yaw function returning degrees is deprecated. #define GLM_FORCE_RADIANS before including GLM headers to remove this message.
  GLM: angle function returning degrees is deprecated. #define GLM_FORCE_RADIANS before including GLM headers to remove this message.
  GLM: angleAxis function taking degrees as a parameter is deprecated. #define GLM_FORCE_RADIANS before including GLM headers to remove this message.
  GLM: rotate function taking degrees as a parameter is deprecated. #define GLM_FORCE_RADIANS before including GLM headers to remove this message.
  GLM: rotate_slow function taking degrees as a parameter is deprecated. #define GLM_FORCE_RADIANS before including GLM headers to remove this message.
  GLM: perspective function taking degrees as a parameter is deprecated. #define GLM_FORCE_RADIANS before including GLM headers to remove this message.
  GLM: perspectiveFov function taking degrees as a parameter is deprecated. #define GLM_FORCE_RADIANS before including GLM headers to remove this message.
  GLM: infinitePerspective function taking degrees as a parameter is deprecated. #define GLM_FORCE_RADIANS before including GLM headers to remove this message.
  GLM: tweakedInfinitePerspective function taking degrees as a parameter is deprecated. #define GLM_FORCE_RADIANS before including GLM headers to remove this message.
  GLM: polar function returning degrees is deprecated. #define GLM_FORCE_RADIANS before including GLM headers to remove this message.
  GLM: euclidean function taking degrees as parameters is deprecated. #define GLM_FORCE_RADIANS before including GLM headers to remove this message.
  GLM: rotate function taking degrees as parameters is deprecated. #define GLM_FORCE_RADIANS before including GLM headers to remove this message.
  GLM: rotateX function taking degrees as parameters is deprecated. #define GLM_FORCE_RADIANS before including GLM headers to remove this message.
  GLM: rotateY function taking degrees as parameters is deprecated. #define GLM_FORCE_RADIANS before including GLM headers to remove this message.
  GLM: rotateZ function taking degrees as parameters is deprecated. #define GLM_FORCE_RADIANS before including GLM headers to remove this message.
  GLM: rotateX function taking degrees as parameters is deprecated. #define GLM_FORCE_RADIANS before including GLM headers to remove this message.
  GLM: rotateX function taking degrees as parameters is deprecated. #define GLM_FORCE_RADIANS before including GLM headers to remove this message.
  GLM: rotateZ function taking degrees as parameters is deprecated. #define GLM_FORCE_RADIANS before including GLM headers to remove this message.
  GLM: rotateZ function taking degrees as parameters is deprecated. #define GLM_FORCE_RADIANS before including GLM headers to remove this message.
  GLM: angle function returning degrees is deprecated. #define GLM_FORCE_RADIANS before including GLM headers to remove this message.
  GLM: angle function returning degrees is deprecated. #define GLM_FORCE_RADIANS before including GLM headers to remove this message.
  GLM: orientedAngle function returning degrees is deprecated. #define GLM_FORCE_RADIANS before including GLM headers to remove this message.
  GLM: orientedAngle function returning degrees is deprecated. #define GLM_FORCE_RADIANS before including GLM headers to remove this message.
C:\Users\me\Desktop\Cole Engine\ColeEngine\ColeEngine\ColeEngine\Serialization.h(8,10): fatal error C1083: Cannot open include file: 'rapidjson/document.h': No such file or directory
  WorldEditSystem.cpp
  GLM: rotate function taking degrees as a parameter is deprecated. #define GLM_FORCE_RADIANS before including GLM headers to remove this message.
  GLM: roll function returning degrees is deprecated. #define GLM_FORCE_RADIANS before including GLM headers to remove this message.
  GLM: pitch function returning degrees is deprecated. #define GLM_FORCE_RADIANS before including GLM headers to remove this message.
  GLM: yaw function returning degrees is deprecated. #define GLM_FORCE_RADIANS before including GLM headers to remove this message.
  GLM: angle function returning degrees is deprecated. #define GLM_FORCE_RADIANS before including GLM headers to remove this message.
  GLM: angleAxis function taking degrees as a parameter is deprecated. #define GLM_FORCE_RADIANS before including GLM headers to remove this message.
  GLM: rotate function taking degrees as a parameter is deprecated. #define GLM_FORCE_RADIANS before including GLM headers to remove this message.
  GLM: rotate_slow function taking degrees as a parameter is deprecated. #define GLM_FORCE_RADIANS before including GLM headers to remove this message.
  GLM: perspective function taking degrees as a parameter is deprecated. #define GLM_FORCE_RADIANS before including GLM headers to remove this message.
  GLM: perspectiveFov function taking degrees as a parameter is deprecated. #define GLM_FORCE_RADIANS before including GLM headers to remove this message.
  GLM: infinitePerspective function taking degrees as a parameter is deprecated. #define GLM_FORCE_RADIANS before including GLM headers to remove this message.
  GLM: tweakedInfinitePerspective function taking degrees as a parameter is deprecated. #define GLM_FORCE_RADIANS before including GLM headers to remove this message.
  GLM: polar function returning degrees is deprecated. #define GLM_FORCE_RADIANS before including GLM headers to remove this message.
  GLM: euclidean function taking degrees as parameters is deprecated. #define GLM_FORCE_RADIANS before including GLM headers to remove this message.
  GLM: rotate function taking degrees as parameters is deprecated. #define GLM_FORCE_RADIANS before including GLM headers to remove this message.
  GLM: rotateX function taking degrees as parameters is deprecated. #define GLM_FORCE_RADIANS before including GLM headers to remove this message.
  GLM: rotateY function taking degrees as parameters is deprecated. #define GLM_FORCE_RADIANS before including GLM headers to remove this message.
  GLM: rotateZ function taking degrees as parameters is deprecated. #define GLM_FORCE_RADIANS before including GLM headers to remove this message.
  GLM: rotateX function taking degrees as parameters is deprecated. #define GLM_FORCE_RADIANS before including GLM headers to remove this message.
  GLM: rotateX function taking degrees as parameters is deprecated. #define GLM_FORCE_RADIANS before including GLM headers to remove this message.
  GLM: rotateZ function taking degrees as parameters is deprecated. #define GLM_FORCE_RADIANS before including GLM headers to remove this message.
  GLM: rotateZ function taking degrees as parameters is deprecated. #define GLM_FORCE_RADIANS before including GLM headers to remove this message.
  GLM: angle function returning degrees is deprecated. #define GLM_FORCE_RADIANS before including GLM headers to remove this message.
  GLM: angle function returning degrees is deprecated. #define GLM_FORCE_RADIANS before including GLM headers to remove this message.
  GLM: orientedAngle function returning degrees is deprecated. #define GLM_FORCE_RADIANS before including GLM headers to remove this message.
  GLM: orientedAngle function returning degrees is deprecated. #define GLM_FORCE_RADIANS before including GLM headers to remove this message.
